\BOOKMARK [0][-]{dummy.1}{\376\377\000C\000o\000n\000t\000e\000n\000t\000s}{}% 1
\BOOKMARK [0][-]{dummy.3}{\376\377\000L\000i\000s\000t\000\040\000o\000f\000\040\000F\000i\000g\000u\000r\000e\000s}{}% 2
\BOOKMARK [0][-]{dummy.5}{\376\377\000L\000i\000s\000t\000\040\000o\000f\000\040\000T\000a\000b\000l\000e\000s}{}% 3
\BOOKMARK [0][-]{chapter.7}{\376\377\0001\000\040\000I\000n\000t\000r\000o\000d\000u\000c\000t\000i\000o\000n}{}% 4
\BOOKMARK [1][-]{section.8}{\376\377\0001\000.\0001\000\040\000M\000o\000t\000i\000v\000a\000t\000i\000o\000n\000s\000\040\000a\000n\000d\000\040\000g\000o\000a\000l\000s}{chapter.7}% 5
\BOOKMARK [1][-]{section.9}{\376\377\0001\000.\0002\000\040\000O\000u\000t\000l\000i\000n\000e}{chapter.7}% 6
\BOOKMARK [0][-]{chapter.11}{\376\377\0002\000\040\000D\000a\000t\000a\000\040\000s\000e\000t\000\040\000P\000r\000o\000c\000e\000s\000s\000i\000n\000g}{}% 7
\BOOKMARK [1][-]{section.12}{\376\377\0002\000.\0001\000\040\000T\000h\000e\000\040\000d\000a\000t\000a\000\040\000s\000e\000t}{chapter.11}% 8
\BOOKMARK [1][-]{section.13}{\376\377\0002\000.\0002\000\040\000P\000r\000o\000c\000e\000s\000s\000i\000n\000g}{chapter.11}% 9
\BOOKMARK [2][-]{subsection.14}{\376\377\0002\000.\0002\000.\0001\000\040\000S\000p\000e\000c\000i\000a\000l\000\040\000t\000w\000e\000e\000t\000\040\000p\000a\000t\000t\000e\000r\000n\000s}{section.13}% 10
\BOOKMARK [2][-]{subsection.17}{\376\377\0002\000.\0002\000.\0002\000\040\000D\000e\000l\000e\000t\000e\000\040\000s\000t\000o\000p\000\040\000w\000o\000r\000d\000s}{section.13}% 11
\BOOKMARK [2][-]{subsection.20}{\376\377\0002\000.\0002\000.\0003\000\040\000T\000o\000k\000e\000n\000i\000z\000e\000\040\000t\000w\000e\000e\000t\000s\000\040}{section.13}% 12
\BOOKMARK [1][-]{section.22}{\376\377\0002\000.\0003\000\040\000F\000e\000a\000t\000u\000r\000e\000\040\000e\000x\000t\000r\000a\000c\000t\000i\000o\000n}{chapter.11}% 13
\BOOKMARK [2][-]{subsection.23}{\376\377\0002\000.\0003\000.\0001\000\040\000T\000e\000r\000m\000\040\000F\000r\000e\000q\000u\000e\000n\000c\000y\000\040\000-\000\040\000I\000n\000v\000e\000r\000s\000e\000\040\000D\000o\000c\000u\000m\000e\000n\000t\000\040\000F\000r\000e\000q\000u\000e\000n\000c\000y\000\040\000\050\000t\000f\000-\000i\000d\000f\000\051\000\040\000f\000e\000a\000t\000u\000r\000e\000s}{section.22}% 14
\BOOKMARK [2][-]{subsection.25}{\376\377\0002\000.\0003\000.\0002\000\040\000U\000n\000i\000g\000r\000a\000m\000\040\000f\000r\000e\000q\000u\000e\000n\000c\000y\000\040\000d\000i\000s\000t\000r\000i\000b\000u\000t\000i\000o\000n\000\040\000f\000e\000a\000t\000u\000r\000e\000s}{section.22}% 15
\BOOKMARK [2][-]{subsection.27}{\376\377\0002\000.\0003\000.\0003\000\040\000T\000w\000e\000e\000t\000s\000\040\000s\000p\000e\000c\000i\000a\000l\000\040\000p\000a\000t\000t\000e\000r\000n\000s\000\040\000f\000e\000a\000t\000u\000r\000e\000s}{section.22}% 16
\BOOKMARK [2][-]{subsection.28}{\376\377\0002\000.\0003\000.\0004\000\040\000B\000i\000g\000r\000a\000m\000\040\000f\000r\000e\000q\000u\000e\000n\000c\000y\000\040\000d\000i\000s\000t\000r\000i\000b\000u\000t\000i\000o\000n\000\040\000f\000e\000a\000t\000u\000r\000e\000s}{section.22}% 17
\BOOKMARK [0][-]{chapter.30}{\376\377\0003\000\040\000C\000l\000a\000s\000s\000i\000f\000i\000c\000a\000t\000i\000o\000n\000\040\000A\000l\000g\000o\000r\000i\000t\000h\000m\000s}{}% 18
\BOOKMARK [1][-]{section.31}{\376\377\0003\000.\0001\000\040\000N\000a\000\357\000v\000e\000\040\000B\000a\000y\000e\000s\000\040\000c\000l\000a\000s\000s\000i\000f\000i\000e\000r}{chapter.30}% 19
\BOOKMARK [2][-]{subsection.32}{\376\377\0003\000.\0001\000.\0001\000\040\000T\000h\000e\000\040\000N\000a\000\357\000v\000e\000\040\000B\000a\000y\000e\000s\000\040\000p\000r\000o\000b\000a\000b\000i\000l\000i\000s\000t\000i\000c\000\040\000m\000o\000d\000e\000l}{section.31}% 20
\BOOKMARK [1][-]{section.33}{\376\377\0003\000.\0002\000\040\000S\000u\000p\000p\000o\000r\000t\000\040\000V\000e\000c\000t\000o\000r\000\040\000M\000a\000c\000h\000i\000n\000e}{chapter.30}% 21
\BOOKMARK [1][-]{section.36}{\376\377\0003\000.\0003\000\040\000M\000a\000x\000i\000m\000u\000m\000\040\000E\000n\000t\000r\000o\000p\000y}{chapter.30}% 22
\BOOKMARK [0][-]{chapter.38}{\376\377\0004\000\040\000R\000e\000s\000u\000l\000t\000s\000\040\000a\000n\000d\000\040\000D\000i\000s\000c\000u\000s\000s\000i\000o\000n}{}% 23
\BOOKMARK [1][-]{section.39}{\376\377\0004\000.\0001\000\040\000M\000a\000c\000h\000i\000n\000e\000\040\000l\000e\000a\000r\000n\000i\000n\000g\000\040\000e\000v\000a\000l\000u\000a\000t\000i\000o\000n\000\040\000m\000e\000t\000h\000o\000d\000s}{chapter.38}% 24
\BOOKMARK [1][-]{section.45}{\376\377\0004\000.\0002\000\040\000E\000v\000a\000l\000u\000a\000t\000i\000o\000n\000\040\000a\000n\000d\000\040\000R\000e\000s\000u\000l\000t\000s}{chapter.38}% 25
\BOOKMARK [2][-]{subsection.46}{\376\377\0004\000.\0002\000.\0001\000\040\000U\000n\000i\000g\000r\000a\000m\000\040\000f\000e\000a\000t\000u\000r\000e}{section.45}% 26
\BOOKMARK [3][-]{subsubsection.47}{\376\377\0004\000.\0002\000.\0001\000.\0001\000\040\000F\000r\000e\000q\000u\000e\000n\000c\000y\000\040\000d\000i\000s\000t\000r\000i\000b\000u\000t\000i\000o\000n}{subsection.46}% 27
\BOOKMARK [3][-]{subsubsection.50}{\376\377\0004\000.\0002\000.\0001\000.\0002\000\040\000T\000F\000-\000I\000D\000F\000\040\000e\000v\000a\000l\000u\000a\000t\000i\000o\000n}{subsection.46}% 28
\BOOKMARK [2][-]{subsection.53}{\376\377\0004\000.\0002\000.\0002\000\040\000B\000i\000g\000r\000a\000m\000\040\000f\000e\000a\000t\000u\000r\000e\000s}{section.45}% 29
\BOOKMARK [2][-]{subsection.56}{\376\377\0004\000.\0002\000.\0003\000\040\000C\000o\000m\000b\000i\000n\000a\000t\000i\000o\000n\000\040\000o\000f\000\040\000U\000n\000i\000g\000r\000a\000m\000s\000\040\000a\000n\000d\000\040\000B\000i\000g\000r\000a\000m\000s\000\040}{section.45}% 30
\BOOKMARK [1][-]{section.59}{\376\377\0004\000.\0003\000\040\000D\000i\000s\000c\000u\000s\000s\000i\000o\000n\000s}{chapter.38}% 31
\BOOKMARK [2][-]{subsection.60}{\376\377\0004\000.\0003\000.\0001\000\040\000R\000e\000s\000u\000l\000t\000\040\000d\000i\000s\000c\000u\000s\000s\000i\000o\000n}{section.59}% 32
\BOOKMARK [2][-]{subsection.72}{\376\377\0004\000.\0003\000.\0002\000\040\000L\000i\000m\000i\000t\000a\000t\000i\000o\000n\000s}{section.59}% 33
\BOOKMARK [2][-]{subsection.73}{\376\377\0004\000.\0003\000.\0003\000\040\000I\000m\000p\000r\000o\000v\000e\000m\000e\000n\000t\000s}{section.59}% 34
\BOOKMARK [0][-]{chapter.74}{\376\377\0005\000\040\000C\000o\000n\000c\000l\000u\000s\000i\000o\000n}{}% 35
